
*** Running vivado
    with args -log NEXYS4_DDR.vdi -applog -m64 -product Vivado -messageDb vivado.pb -mode batch -source NEXYS4_DDR.tcl -notrace



****** Vivado v2020.1 (64-bit)
  **** SW Build 2902540 on Wed May 27 19:54:49 MDT 2020
  **** IP Build 2902112 on Wed May 27 22:43:36 MDT 2020
    ** Copyright 1986-2020 Xilinx, Inc. All Rights Reserved.

source NEXYS4_DDR.tcl -notrace
Command: link_design -top NEXYS4_DDR -part xc7a100tcsg324-3
Design is defaulting to srcset: sources_1
Design is defaulting to constrset: constrs_1
INFO: [Device 21-403] Loading part xc7a100tcsg324-3
INFO: [Project 1-454] Reading design checkpoint 'F:/Vivado/Downloads/activecore/designs/rtl/sigma/syn/syn_1stage/NEXYS4-DDR/NEXYS4_DDR.runs/impl_1/.Xil/Vivado-7216-DESKTOP-D7RM7IV/sys_clk/sys_clk.dcp' for cell 'sys_clk'
Netlist sorting complete. Time (s): cpu = 00:00:00 ; elapsed = 00:00:00.123 . Memory (MB): peak = 1036.875 ; gain = 0.000
INFO: [Netlist 29-17] Analyzing 324 Unisim elements for replacement
INFO: [Netlist 29-28] Unisim Transformation completed in 0 CPU seconds
INFO: [Project 1-479] Netlist was created with Vivado 2020.1
INFO: [Project 1-570] Preparing netlist for logic optimization
Parsing XDC File [f:/Vivado/Downloads/activecore/designs/rtl/sigma/syn/syn_1stage/NEXYS4-DDR/NEXYS4_DDR.srcs/sources_1/ip/sys_clk/sys_clk_board.xdc] for cell 'sys_clk/inst'
Finished Parsing XDC File [f:/Vivado/Downloads/activecore/designs/rtl/sigma/syn/syn_1stage/NEXYS4-DDR/NEXYS4_DDR.srcs/sources_1/ip/sys_clk/sys_clk_board.xdc] for cell 'sys_clk/inst'
Parsing XDC File [f:/Vivado/Downloads/activecore/designs/rtl/sigma/syn/syn_1stage/NEXYS4-DDR/NEXYS4_DDR.srcs/sources_1/ip/sys_clk/sys_clk.xdc] for cell 'sys_clk/inst'
INFO: [Timing 38-35] Done setting XDC timing constraints. [f:/Vivado/Downloads/activecore/designs/rtl/sigma/syn/syn_1stage/NEXYS4-DDR/NEXYS4_DDR.srcs/sources_1/ip/sys_clk/sys_clk.xdc:57]
INFO: [Timing 38-2] Deriving generated clocks [f:/Vivado/Downloads/activecore/designs/rtl/sigma/syn/syn_1stage/NEXYS4-DDR/NEXYS4_DDR.srcs/sources_1/ip/sys_clk/sys_clk.xdc:57]
get_clocks: Time (s): cpu = 00:00:13 ; elapsed = 00:00:14 . Memory (MB): peak = 1476.617 ; gain = 439.742
Finished Parsing XDC File [f:/Vivado/Downloads/activecore/designs/rtl/sigma/syn/syn_1stage/NEXYS4-DDR/NEXYS4_DDR.srcs/sources_1/ip/sys_clk/sys_clk.xdc] for cell 'sys_clk/inst'
Parsing XDC File [F:/Vivado/Downloads/activecore/designs/rtl/sigma/syn/syn_1stage/NEXYS4-DDR/NEXYS4_DDR.xdc]
Finished Parsing XDC File [F:/Vivado/Downloads/activecore/designs/rtl/sigma/syn/syn_1stage/NEXYS4-DDR/NEXYS4_DDR.xdc]
INFO: [Opt 31-138] Pushed 0 inverter(s) to 0 load pin(s).
Netlist sorting complete. Time (s): cpu = 00:00:00 ; elapsed = 00:00:00.001 . Memory (MB): peak = 1476.617 ; gain = 0.000
INFO: [Project 1-111] Unisim Transformation Summary:
No Unisim elements were transformed.

10 Infos, 0 Warnings, 0 Critical Warnings and 0 Errors encountered.
link_design completed successfully
link_design: Time (s): cpu = 00:00:24 ; elapsed = 00:00:29 . Memory (MB): peak = 1476.617 ; gain = 439.742
Command: opt_design
Attempting to get a license for feature 'Implementation' and/or device 'xc7a100t'
INFO: [Common 17-349] Got license for feature 'Implementation' and/or device 'xc7a100t'
Running DRC as a precondition to command opt_design

Starting DRC Task
INFO: [DRC 23-27] Running DRC with 2 threads
INFO: [Project 1-461] DRC finished with 0 Errors
INFO: [Project 1-462] Please refer to the DRC report (report_drc) for more information.

Time (s): cpu = 00:00:03 ; elapsed = 00:00:02 . Memory (MB): peak = 1476.617 ; gain = 0.000

Starting Cache Timing Information Task
INFO: [Timing 38-35] Done setting XDC timing constraints.
INFO: [Timing 38-2] Deriving generated clocks
Ending Cache Timing Information Task | Checksum: 23dca59d4

Time (s): cpu = 00:00:01 ; elapsed = 00:00:00.376 . Memory (MB): peak = 1496.512 ; gain = 19.895

Starting Logic Optimization Task

Phase 1 Retarget
INFO: [Opt 31-138] Pushed 1 inverter(s) to 1 load pin(s).
INFO: [Opt 31-49] Retargeted 0 cell(s).
Phase 1 Retarget | Checksum: 14eb26032

Time (s): cpu = 00:00:01 ; elapsed = 00:00:00.868 . Memory (MB): peak = 1687.520 ; gain = 0.000
INFO: [Opt 31-389] Phase Retarget created 0 cells and removed 7 cells
INFO: [Opt 31-1021] In phase Retarget, 1 netlist objects are constrained preventing optimization. Please run opt_design with -debug_log to get more detail. 

Phase 2 Constant propagation
INFO: [Opt 31-138] Pushed 0 inverter(s) to 0 load pin(s).
Phase 2 Constant propagation | Checksum: 14fbdc5f3

Time (s): cpu = 00:00:01 ; elapsed = 00:00:00.951 . Memory (MB): peak = 1687.520 ; gain = 0.000
INFO: [Opt 31-389] Phase Constant propagation created 0 cells and removed 0 cells

Phase 3 Sweep
Phase 3 Sweep | Checksum: 1654dd3bd

Time (s): cpu = 00:00:01 ; elapsed = 00:00:01 . Memory (MB): peak = 1687.520 ; gain = 0.000
INFO: [Opt 31-389] Phase Sweep created 16 cells and removed 0 cells

Phase 4 BUFG optimization
Phase 4 BUFG optimization | Checksum: 1654dd3bd

Time (s): cpu = 00:00:01 ; elapsed = 00:00:01 . Memory (MB): peak = 1687.520 ; gain = 0.000
INFO: [Opt 31-662] Phase BUFG optimization created 0 cells of which 0 are BUFGs and removed 0 cells.

Phase 5 Shift Register Optimization
INFO: [Opt 31-1064] SRL Remap converted 0 SRLs to 0 registers and converted 0 registers of register chains to 0 SRLs
Phase 5 Shift Register Optimization | Checksum: 1654dd3bd

Time (s): cpu = 00:00:01 ; elapsed = 00:00:01 . Memory (MB): peak = 1687.520 ; gain = 0.000
INFO: [Opt 31-389] Phase Shift Register Optimization created 0 cells and removed 0 cells

Phase 6 Post Processing Netlist
Phase 6 Post Processing Netlist | Checksum: 138cc62ba

Time (s): cpu = 00:00:01 ; elapsed = 00:00:01 . Memory (MB): peak = 1687.520 ; gain = 0.000
INFO: [Opt 31-389] Phase Post Processing Netlist created 0 cells and removed 0 cells
Opt_design Change Summary
=========================


-------------------------------------------------------------------------------------------------------------------------
|  Phase                        |  #Cells created  |  #Cells Removed  |  #Constrained objects preventing optimizations  |
-------------------------------------------------------------------------------------------------------------------------
|  Retarget                     |               0  |               7  |                                              1  |
|  Constant propagation         |               0  |               0  |                                              0  |
|  Sweep                        |              16  |               0  |                                              0  |
|  BUFG optimization            |               0  |               0  |                                              0  |
|  Shift Register Optimization  |               0  |               0  |                                              0  |
|  Post Processing Netlist      |               0  |               0  |                                              0  |
-------------------------------------------------------------------------------------------------------------------------



Starting Connectivity Check Task

Time (s): cpu = 00:00:00 ; elapsed = 00:00:00.014 . Memory (MB): peak = 1687.520 ; gain = 0.000
Ending Logic Optimization Task | Checksum: 13dbcc382

Time (s): cpu = 00:00:01 ; elapsed = 00:00:01 . Memory (MB): peak = 1687.520 ; gain = 0.000

Starting Power Optimization Task
INFO: [Pwropt 34-132] Skipping clock gating for clocks with a period < 2.00 ns.
INFO: [Timing 38-35] Done setting XDC timing constraints.
Running Vector-less Activity Propagation...

Finished Running Vector-less Activity Propagation
INFO: [Pwropt 34-9] Applying IDT optimizations ...
INFO: [Pwropt 34-10] Applying ODC optimizations ...


Starting PowerOpt Patch Enables Task
INFO: [Pwropt 34-162] WRITE_MODE attribute of 0 BRAM(s) out of a total of 8 has been updated to save power. Run report_power_opt to get a complete listing of the BRAMs updated.
INFO: [Pwropt 34-201] Structural ODC has moved 0 WE to EN ports
Number of BRAM Ports augmented: 0 newly gated: 0 Total Ports: 16
Ending PowerOpt Patch Enables Task | Checksum: 13dbcc382

Time (s): cpu = 00:00:00 ; elapsed = 00:00:00.072 . Memory (MB): peak = 1778.367 ; gain = 0.000
Ending Power Optimization Task | Checksum: 13dbcc382

Time (s): cpu = 00:00:09 ; elapsed = 00:00:07 . Memory (MB): peak = 1778.367 ; gain = 90.848

Starting Final Cleanup Task
Ending Final Cleanup Task | Checksum: 13dbcc382

Time (s): cpu = 00:00:00 ; elapsed = 00:00:00 . Memory (MB): peak = 1778.367 ; gain = 0.000

Starting Netlist Obfuscation Task
Netlist sorting complete. Time (s): cpu = 00:00:00 ; elapsed = 00:00:00.002 . Memory (MB): peak = 1778.367 ; gain = 0.000
Ending Netlist Obfuscation Task | Checksum: 13dbcc382

Time (s): cpu = 00:00:00 ; elapsed = 00:00:00.003 . Memory (MB): peak = 1778.367 ; gain = 0.000
INFO: [Common 17-83] Releasing license: Implementation
34 Infos, 0 Warnings, 0 Critical Warnings and 0 Errors encountered.
opt_design completed successfully
opt_design: Time (s): cpu = 00:00:17 ; elapsed = 00:00:15 . Memory (MB): peak = 1778.367 ; gain = 301.750
INFO: [Timing 38-480] Writing timing data to binary archive.
Writing placer database...
Writing XDEF routing.
Writing XDEF routing logical nets.
Writing XDEF routing special nets.
Write XDEF Complete: Time (s): cpu = 00:00:00 ; elapsed = 00:00:00.104 . Memory (MB): peak = 1778.367 ; gain = 0.000
INFO: [Common 17-1381] The checkpoint 'F:/Vivado/Downloads/activecore/designs/rtl/sigma/syn/syn_1stage/NEXYS4-DDR/NEXYS4_DDR.runs/impl_1/NEXYS4_DDR_opt.dcp' has been generated.
INFO: [runtcl-4] Executing : report_drc -file NEXYS4_DDR_drc_opted.rpt -pb NEXYS4_DDR_drc_opted.pb -rpx NEXYS4_DDR_drc_opted.rpx
Command: report_drc -file NEXYS4_DDR_drc_opted.rpt -pb NEXYS4_DDR_drc_opted.pb -rpx NEXYS4_DDR_drc_opted.rpx
INFO: [IP_Flow 19-1839] IP Catalog is up to date.
INFO: [DRC 23-27] Running DRC with 2 threads
INFO: [Coretcl 2-168] The results of DRC are in file F:/Vivado/Downloads/activecore/designs/rtl/sigma/syn/syn_1stage/NEXYS4-DDR/NEXYS4_DDR.runs/impl_1/NEXYS4_DDR_drc_opted.rpt.
report_drc completed successfully
Command: place_design
Attempting to get a license for feature 'Implementation' and/or device 'xc7a100t'
INFO: [Common 17-349] Got license for feature 'Implementation' and/or device 'xc7a100t'
INFO: [DRC 23-27] Running DRC with 2 threads
INFO: [Vivado_Tcl 4-198] DRC finished with 0 Errors
INFO: [Vivado_Tcl 4-199] Please refer to the DRC report (report_drc) for more information.
Running DRC as a precondition to command place_design
INFO: [DRC 23-27] Running DRC with 2 threads
WARNING: [DRC CHECK-3] Report rule limit reached: REQP-1839 rule limit reached: 20 violations have been found.
WARNING: [DRC REQP-1839] RAMB36 async control check: The RAMB36E1 sigma/sigma_tile/ram/ram_dual/ram_reg_0 has an input control pin sigma/sigma_tile/ram/ram_dual/ram_reg_0/ADDRARDADDR[10] (net: sigma/sigma_tile/ram/ram_dual/ADDRARDADDR[8]) which is driven by a register (sigma/udm/udm_controller/bus_addr_bo_reg[10]) that has an active asychronous set or reset. This may cause corruption of the memory contents and/or read values when the set/reset is asserted and is not analyzed by the default static timing analysis. It is suggested to eliminate the use of a set/reset to registers driving this RAMB pin or else use a synchronous reset in which the assertion of the reset is timed by default.
WARNING: [DRC REQP-1839] RAMB36 async control check: The RAMB36E1 sigma/sigma_tile/ram/ram_dual/ram_reg_0 has an input control pin sigma/sigma_tile/ram/ram_dual/ram_reg_0/ADDRARDADDR[10] (net: sigma/sigma_tile/ram/ram_dual/ADDRARDADDR[8]) which is driven by a register (sigma/udm/udm_controller/bus_addr_bo_reg[20]) that has an active asychronous set or reset. This may cause corruption of the memory contents and/or read values when the set/reset is asserted and is not analyzed by the default static timing analysis. It is suggested to eliminate the use of a set/reset to registers driving this RAMB pin or else use a synchronous reset in which the assertion of the reset is timed by default.
WARNING: [DRC REQP-1839] RAMB36 async control check: The RAMB36E1 sigma/sigma_tile/ram/ram_dual/ram_reg_0 has an input control pin sigma/sigma_tile/ram/ram_dual/ram_reg_0/ADDRARDADDR[10] (net: sigma/sigma_tile/ram/ram_dual/ADDRARDADDR[8]) which is driven by a register (sigma/udm/udm_controller/bus_addr_bo_reg[31]) that has an active asychronous set or reset. This may cause corruption of the memory contents and/or read values when the set/reset is asserted and is not analyzed by the default static timing analysis. It is suggested to eliminate the use of a set/reset to registers driving this RAMB pin or else use a synchronous reset in which the assertion of the reset is timed by default.
WARNING: [DRC REQP-1839] RAMB36 async control check: The RAMB36E1 sigma/sigma_tile/ram/ram_dual/ram_reg_0 has an input control pin sigma/sigma_tile/ram/ram_dual/ram_reg_0/ADDRARDADDR[10] (net: sigma/sigma_tile/ram/ram_dual/ADDRARDADDR[8]) which is driven by a register (sigma/udm/udm_controller/bus_req_o_reg) that has an active asychronous set or reset. This may cause corruption of the memory contents and/or read values when the set/reset is asserted and is not analyzed by the default static timing analysis. It is suggested to eliminate the use of a set/reset to registers driving this RAMB pin or else use a synchronous reset in which the assertion of the reset is timed by default.
WARNING: [DRC REQP-1839] RAMB36 async control check: The RAMB36E1 sigma/sigma_tile/ram/ram_dual/ram_reg_0 has an input control pin sigma/sigma_tile/ram/ram_dual/ram_reg_0/ADDRARDADDR[11] (net: sigma/sigma_tile/ram/ram_dual/ADDRARDADDR[9]) which is driven by a register (sigma/udm/udm_controller/bus_addr_bo_reg[11]) that has an active asychronous set or reset. This may cause corruption of the memory contents and/or read values when the set/reset is asserted and is not analyzed by the default static timing analysis. It is suggested to eliminate the use of a set/reset to registers driving this RAMB pin or else use a synchronous reset in which the assertion of the reset is timed by default.
WARNING: [DRC REQP-1839] RAMB36 async control check: The RAMB36E1 sigma/sigma_tile/ram/ram_dual/ram_reg_0 has an input control pin sigma/sigma_tile/ram/ram_dual/ram_reg_0/ADDRARDADDR[11] (net: sigma/sigma_tile/ram/ram_dual/ADDRARDADDR[9]) which is driven by a register (sigma/udm/udm_controller/bus_addr_bo_reg[20]) that has an active asychronous set or reset. This may cause corruption of the memory contents and/or read values when the set/reset is asserted and is not analyzed by the default static timing analysis. It is suggested to eliminate the use of a set/reset to registers driving this RAMB pin or else use a synchronous reset in which the assertion of the reset is timed by default.
WARNING: [DRC REQP-1839] RAMB36 async control check: The RAMB36E1 sigma/sigma_tile/ram/ram_dual/ram_reg_0 has an input control pin sigma/sigma_tile/ram/ram_dual/ram_reg_0/ADDRARDADDR[11] (net: sigma/sigma_tile/ram/ram_dual/ADDRARDADDR[9]) which is driven by a register (sigma/udm/udm_controller/bus_addr_bo_reg[31]) that has an active asychronous set or reset. This may cause corruption of the memory contents and/or read values when the set/reset is asserted and is not analyzed by the default static timing analysis. It is suggested to eliminate the use of a set/reset to registers driving this RAMB pin or else use a synchronous reset in which the assertion of the reset is timed by default.
WARNING: [DRC REQP-1839] RAMB36 async control check: The RAMB36E1 sigma/sigma_tile/ram/ram_dual/ram_reg_0 has an input control pin sigma/sigma_tile/ram/ram_dual/ram_reg_0/ADDRARDADDR[11] (net: sigma/sigma_tile/ram/ram_dual/ADDRARDADDR[9]) which is driven by a register (sigma/udm/udm_controller/bus_req_o_reg) that has an active asychronous set or reset. This may cause corruption of the memory contents and/or read values when the set/reset is asserted and is not analyzed by the default static timing analysis. It is suggested to eliminate the use of a set/reset to registers driving this RAMB pin or else use a synchronous reset in which the assertion of the reset is timed by default.
WARNING: [DRC REQP-1839] RAMB36 async control check: The RAMB36E1 sigma/sigma_tile/ram/ram_dual/ram_reg_0 has an input control pin sigma/sigma_tile/ram/ram_dual/ram_reg_0/ADDRARDADDR[12] (net: sigma/sigma_tile/ram/ram_dual/ADDRARDADDR[10]) which is driven by a register (sigma/udm/udm_controller/bus_addr_bo_reg[12]) that has an active asychronous set or reset. This may cause corruption of the memory contents and/or read values when the set/reset is asserted and is not analyzed by the default static timing analysis. It is suggested to eliminate the use of a set/reset to registers driving this RAMB pin or else use a synchronous reset in which the assertion of the reset is timed by default.
WARNING: [DRC REQP-1839] RAMB36 async control check: The RAMB36E1 sigma/sigma_tile/ram/ram_dual/ram_reg_0 has an input control pin sigma/sigma_tile/ram/ram_dual/ram_reg_0/ADDRARDADDR[12] (net: sigma/sigma_tile/ram/ram_dual/ADDRARDADDR[10]) which is driven by a register (sigma/udm/udm_controller/bus_addr_bo_reg[20]) that has an active asychronous set or reset. This may cause corruption of the memory contents and/or read values when the set/reset is asserted and is not analyzed by the default static timing analysis. It is suggested to eliminate the use of a set/reset to registers driving this RAMB pin or else use a synchronous reset in which the assertion of the reset is timed by default.
WARNING: [DRC REQP-1839] RAMB36 async control check: The RAMB36E1 sigma/sigma_tile/ram/ram_dual/ram_reg_0 has an input control pin sigma/sigma_tile/ram/ram_dual/ram_reg_0/ADDRARDADDR[12] (net: sigma/sigma_tile/ram/ram_dual/ADDRARDADDR[10]) which is driven by a register (sigma/udm/udm_controller/bus_addr_bo_reg[31]) that has an active asychronous set or reset. This may cause corruption of the memory contents and/or read values when the set/reset is asserted and is not analyzed by the default static timing analysis. It is suggested to eliminate the use of a set/reset to registers driving this RAMB pin or else use a synchronous reset in which the assertion of the reset is timed by default.
WARNING: [DRC REQP-1839] RAMB36 async control check: The RAMB36E1 sigma/sigma_tile/ram/ram_dual/ram_reg_0 has an input control pin sigma/sigma_tile/ram/ram_dual/ram_reg_0/ADDRARDADDR[12] (net: sigma/sigma_tile/ram/ram_dual/ADDRARDADDR[10]) which is driven by a register (sigma/udm/udm_controller/bus_req_o_reg) that has an active asychronous set or reset. This may cause corruption of the memory contents and/or read values when the set/reset is asserted and is not analyzed by the default static timing analysis. It is suggested to eliminate the use of a set/reset to registers driving this RAMB pin or else use a synchronous reset in which the assertion of the reset is timed by default.
WARNING: [DRC REQP-1839] RAMB36 async control check: The RAMB36E1 sigma/sigma_tile/ram/ram_dual/ram_reg_0 has an input control pin sigma/sigma_tile/ram/ram_dual/ram_reg_0/ADDRARDADDR[13] (net: sigma/sigma_tile/ram/ram_dual/ADDRARDADDR[11]) which is driven by a register (sigma/udm/udm_controller/bus_addr_bo_reg[13]) that has an active asychronous set or reset. This may cause corruption of the memory contents and/or read values when the set/reset is asserted and is not analyzed by the default static timing analysis. It is suggested to eliminate the use of a set/reset to registers driving this RAMB pin or else use a synchronous reset in which the assertion of the reset is timed by default.
WARNING: [DRC REQP-1839] RAMB36 async control check: The RAMB36E1 sigma/sigma_tile/ram/ram_dual/ram_reg_0 has an input control pin sigma/sigma_tile/ram/ram_dual/ram_reg_0/ADDRARDADDR[13] (net: sigma/sigma_tile/ram/ram_dual/ADDRARDADDR[11]) which is driven by a register (sigma/udm/udm_controller/bus_addr_bo_reg[20]) that has an active asychronous set or reset. This may cause corruption of the memory contents and/or read values when the set/reset is asserted and is not analyzed by the default static timing analysis. It is suggested to eliminate the use of a set/reset to registers driving this RAMB pin or else use a synchronous reset in which the assertion of the reset is timed by default.
WARNING: [DRC REQP-1839] RAMB36 async control check: The RAMB36E1 sigma/sigma_tile/ram/ram_dual/ram_reg_0 has an input control pin sigma/sigma_tile/ram/ram_dual/ram_reg_0/ADDRARDADDR[13] (net: sigma/sigma_tile/ram/ram_dual/ADDRARDADDR[11]) which is driven by a register (sigma/udm/udm_controller/bus_addr_bo_reg[31]) that has an active asychronous set or reset. This may cause corruption of the memory contents and/or read values when the set/reset is asserted and is not analyzed by the default static timing analysis. It is suggested to eliminate the use of a set/reset to registers driving this RAMB pin or else use a synchronous reset in which the assertion of the reset is timed by default.
WARNING: [DRC REQP-1839] RAMB36 async control check: The RAMB36E1 sigma/sigma_tile/ram/ram_dual/ram_reg_0 has an input control pin sigma/sigma_tile/ram/ram_dual/ram_reg_0/ADDRARDADDR[13] (net: sigma/sigma_tile/ram/ram_dual/ADDRARDADDR[11]) which is driven by a register (sigma/udm/udm_controller/bus_req_o_reg) that has an active asychronous set or reset. This may cause corruption of the memory contents and/or read values when the set/reset is asserted and is not analyzed by the default static timing analysis. It is suggested to eliminate the use of a set/reset to registers driving this RAMB pin or else use a synchronous reset in which the assertion of the reset is timed by default.
WARNING: [DRC REQP-1839] RAMB36 async control check: The RAMB36E1 sigma/sigma_tile/ram/ram_dual/ram_reg_0 has an input control pin sigma/sigma_tile/ram/ram_dual/ram_reg_0/ADDRARDADDR[14] (net: sigma/sigma_tile/ram/ram_dual/ADDRARDADDR[12]) which is driven by a register (sigma/udm/udm_controller/bus_addr_bo_reg[14]) that has an active asychronous set or reset. This may cause corruption of the memory contents and/or read values when the set/reset is asserted and is not analyzed by the default static timing analysis. It is suggested to eliminate the use of a set/reset to registers driving this RAMB pin or else use a synchronous reset in which the assertion of the reset is timed by default.
WARNING: [DRC REQP-1839] RAMB36 async control check: The RAMB36E1 sigma/sigma_tile/ram/ram_dual/ram_reg_0 has an input control pin sigma/sigma_tile/ram/ram_dual/ram_reg_0/ADDRARDADDR[14] (net: sigma/sigma_tile/ram/ram_dual/ADDRARDADDR[12]) which is driven by a register (sigma/udm/udm_controller/bus_addr_bo_reg[20]) that has an active asychronous set or reset. This may cause corruption of the memory contents and/or read values when the set/reset is asserted and is not analyzed by the default static timing analysis. It is suggested to eliminate the use of a set/reset to registers driving this RAMB pin or else use a synchronous reset in which the assertion of the reset is timed by default.
WARNING: [DRC REQP-1839] RAMB36 async control check: The RAMB36E1 sigma/sigma_tile/ram/ram_dual/ram_reg_0 has an input control pin sigma/sigma_tile/ram/ram_dual/ram_reg_0/ADDRARDADDR[14] (net: sigma/sigma_tile/ram/ram_dual/ADDRARDADDR[12]) which is driven by a register (sigma/udm/udm_controller/bus_addr_bo_reg[31]) that has an active asychronous set or reset. This may cause corruption of the memory contents and/or read values when the set/reset is asserted and is not analyzed by the default static timing analysis. It is suggested to eliminate the use of a set/reset to registers driving this RAMB pin or else use a synchronous reset in which the assertion of the reset is timed by default.
WARNING: [DRC REQP-1839] RAMB36 async control check: The RAMB36E1 sigma/sigma_tile/ram/ram_dual/ram_reg_0 has an input control pin sigma/sigma_tile/ram/ram_dual/ram_reg_0/ADDRARDADDR[14] (net: sigma/sigma_tile/ram/ram_dual/ADDRARDADDR[12]) which is driven by a register (sigma/udm/udm_controller/bus_req_o_reg) that has an active asychronous set or reset. This may cause corruption of the memory contents and/or read values when the set/reset is asserted and is not analyzed by the default static timing analysis. It is suggested to eliminate the use of a set/reset to registers driving this RAMB pin or else use a synchronous reset in which the assertion of the reset is timed by default.
INFO: [Vivado_Tcl 4-198] DRC finished with 0 Errors, 21 Warnings
INFO: [Vivado_Tcl 4-199] Please refer to the DRC report (report_drc) for more information.

Starting Placer Task
INFO: [Place 30-611] Multithreading enabled for place_design using a maximum of 2 CPUs

Phase 1 Placer Initialization

Phase 1.1 Placer Initialization Netlist Sorting
Netlist sorting complete. Time (s): cpu = 00:00:00 ; elapsed = 00:00:00.001 . Memory (MB): peak = 1778.367 ; gain = 0.000
Phase 1.1 Placer Initialization Netlist Sorting | Checksum: ca48c86d

Time (s): cpu = 00:00:00 ; elapsed = 00:00:00.155 . Memory (MB): peak = 1778.367 ; gain = 0.000
Netlist sorting complete. Time (s): cpu = 00:00:00 ; elapsed = 00:00:00.001 . Memory (MB): peak = 1778.367 ; gain = 0.000

Phase 1.2 IO Placement/ Clock Placement/ Build Placer Device
INFO: [Timing 38-35] Done setting XDC timing constraints.
Phase 1.2 IO Placement/ Clock Placement/ Build Placer Device | Checksum: 13761efac

Time (s): cpu = 00:00:02 ; elapsed = 00:00:02 . Memory (MB): peak = 1778.367 ; gain = 0.000

Phase 1.3 Build Placer Netlist Model
Phase 1.3 Build Placer Netlist Model | Checksum: 211d3c1f3

Time (s): cpu = 00:00:05 ; elapsed = 00:00:04 . Memory (MB): peak = 1778.367 ; gain = 0.000

Phase 1.4 Constrain Clocks/Macros
Phase 1.4 Constrain Clocks/Macros | Checksum: 211d3c1f3

Time (s): cpu = 00:00:05 ; elapsed = 00:00:04 . Memory (MB): peak = 1778.367 ; gain = 0.000
Phase 1 Placer Initialization | Checksum: 211d3c1f3

Time (s): cpu = 00:00:05 ; elapsed = 00:00:04 . Memory (MB): peak = 1778.367 ; gain = 0.000

Phase 2 Global Placement

Phase 2.1 Floorplanning
Phase 2.1 Floorplanning | Checksum: 216e7dc6a

Time (s): cpu = 00:00:06 ; elapsed = 00:00:05 . Memory (MB): peak = 1778.367 ; gain = 0.000

Phase 2.2 Global Placement Core

Phase 2.2.1 Physical Synthesis In Placer
INFO: [Physopt 32-1035] Found 187 LUTNM shape to break, 17 LUT instances to create LUTNM shape
INFO: [Physopt 32-1044] Break lutnm for timing: one critical 82, two critical 105, total 187, new lutff created 0
INFO: [Physopt 32-775] End 1 Pass. Optimized 192 nets or cells. Created 187 new cells, deleted 5 existing cells and moved 0 existing cell
INFO: [Physopt 32-76] Pass 1. Identified 1 candidate net for fanout optimization.
INFO: [Physopt 32-81] Processed net sigma/sigma_tile/sfr/SR[0]. Replicated 10 times.
INFO: [Physopt 32-232] Optimized 1 net. Created 10 new instances.
INFO: [Physopt 32-775] End 1 Pass. Optimized 1 net or cell. Created 10 new cells, deleted 0 existing cell and moved 0 existing cell
Netlist sorting complete. Time (s): cpu = 00:00:00 ; elapsed = 00:00:00.063 . Memory (MB): peak = 1778.367 ; gain = 0.000
INFO: [Physopt 32-117] Net sigma/sigma_tile/riscv/ADDRARDADDR[2] could not be optimized because driver sigma/sigma_tile/riscv/ram_reg_0_i_11 could not be replicated
INFO: [Physopt 32-117] Net sigma/sigma_tile/riscv/ADDRARDADDR[9] could not be optimized because driver sigma/sigma_tile/riscv/ram_reg_0_i_4 could not be replicated
INFO: [Physopt 32-117] Net sigma/sigma_tile/riscv/ADDRARDADDR[7] could not be optimized because driver sigma/sigma_tile/riscv/ram_reg_0_i_6 could not be replicated
INFO: [Physopt 32-117] Net sigma/sigma_tile/riscv/ADDRARDADDR[12] could not be optimized because driver sigma/sigma_tile/riscv/ram_reg_0_i_1 could not be replicated
INFO: [Physopt 32-117] Net sigma/sigma_tile/riscv/ADDRARDADDR[3] could not be optimized because driver sigma/sigma_tile/riscv/ram_reg_0_i_10 could not be replicated
INFO: [Physopt 32-117] Net sigma/sigma_tile/riscv/ADDRARDADDR[5] could not be optimized because driver sigma/sigma_tile/riscv/ram_reg_0_i_8 could not be replicated
INFO: [Physopt 32-117] Net sigma/sigma_tile/riscv/ADDRARDADDR[1] could not be optimized because driver sigma/sigma_tile/riscv/ram_reg_0_i_12 could not be replicated
INFO: [Physopt 32-117] Net sigma/sigma_tile/riscv/ADDRARDADDR[6] could not be optimized because driver sigma/sigma_tile/riscv/ram_reg_0_i_7 could not be replicated
INFO: [Physopt 32-117] Net sigma/sigma_tile/riscv/ADDRARDADDR[10] could not be optimized because driver sigma/sigma_tile/riscv/ram_reg_0_i_3 could not be replicated
INFO: [Physopt 32-117] Net sigma/sigma_tile/riscv/ADDRARDADDR[0] could not be optimized because driver sigma/sigma_tile/riscv/ram_reg_0_i_13 could not be replicated
INFO: [Physopt 32-117] Net sigma/sigma_tile/riscv/ADDRARDADDR[11] could not be optimized because driver sigma/sigma_tile/riscv/ram_reg_0_i_2 could not be replicated
INFO: [Physopt 32-117] Net sigma/sigma_tile/riscv/ADDRARDADDR[8] could not be optimized because driver sigma/sigma_tile/riscv/ram_reg_0_i_5 could not be replicated
INFO: [Physopt 32-117] Net sigma/sigma_tile/riscv/ADDRARDADDR[4] could not be optimized because driver sigma/sigma_tile/riscv/ram_reg_0_i_9 could not be replicated
INFO: [Physopt 32-117] Net sigma/sigma_tile/riscv/WEA[0] could not be optimized because driver sigma/sigma_tile/riscv/ram_reg_0_i_31 could not be replicated
INFO: [Physopt 32-68] No nets found for critical-cell optimization.
INFO: [Physopt 32-232] Optimized 0 net. Created 0 new instance.
INFO: [Physopt 32-775] End 1 Pass. Optimized 0 net or cell. Created 0 new cell, deleted 0 existing cell and moved 0 existing cell
INFO: [Physopt 32-456] No candidate cells for DSP register optimization found in the design.
INFO: [Physopt 32-775] End 2 Pass. Optimized 0 net or cell. Created 0 new cell, deleted 0 existing cell and moved 0 existing cell
INFO: [Physopt 32-1123] No candidate cells found for Shift Register to Pipeline optimization
INFO: [Physopt 32-775] End 1 Pass. Optimized 0 net or cell. Created 0 new cell, deleted 0 existing cell and moved 0 existing cell
INFO: [Physopt 32-677] No candidate cells for Shift Register optimization found in the design
INFO: [Physopt 32-775] End 1 Pass. Optimized 0 net or cell. Created 0 new cell, deleted 0 existing cell and moved 0 existing cell
INFO: [Physopt 32-526] No candidate cells for BRAM register optimization found in the design
INFO: [Physopt 32-775] End 1 Pass. Optimized 0 net or cell. Created 0 new cell, deleted 0 existing cell and moved 0 existing cell
INFO: [Physopt 32-846] No candidate cells for URAM register optimization found in the design
INFO: [Physopt 32-775] End 2 Pass. Optimized 0 net or cell. Created 0 new cell, deleted 0 existing cell and moved 0 existing cell
INFO: [Physopt 32-949] No candidate nets found for HD net replication
INFO: [Physopt 32-775] End 1 Pass. Optimized 0 net or cell. Created 0 new cell, deleted 0 existing cell and moved 0 existing cell
Netlist sorting complete. Time (s): cpu = 00:00:00 ; elapsed = 00:00:00.002 . Memory (MB): peak = 1778.367 ; gain = 0.000

Summary of Physical Synthesis Optimizations
============================================


-----------------------------------------------------------------------------------------------------------------------------------------------------------
|  Optimization                                     |  Added Cells  |  Removed Cells  |  Optimized Cells/Nets  |  Dont Touch  |  Iterations  |  Elapsed   |
-----------------------------------------------------------------------------------------------------------------------------------------------------------
|  LUT Combining                                    |          187  |              5  |                   192  |           0  |           1  |  00:00:00  |
|  Very High Fanout                                 |           10  |              0  |                     1  |           0  |           1  |  00:00:01  |
|  Critical Cell                                    |            0  |              0  |                     0  |           0  |           1  |  00:00:00  |
|  DSP Register                                     |            0  |              0  |                     0  |           0  |           1  |  00:00:00  |
|  Shift Register to Pipeline                       |            0  |              0  |                     0  |           0  |           1  |  00:00:00  |
|  Shift Register                                   |            0  |              0  |                     0  |           0  |           1  |  00:00:00  |
|  BRAM Register                                    |            0  |              0  |                     0  |           0  |           1  |  00:00:00  |
|  URAM Register                                    |            0  |              0  |                     0  |           0  |           1  |  00:00:00  |
|  Dynamic/Static Region Interface Net Replication  |            0  |              0  |                     0  |           0  |           1  |  00:00:00  |
|  Total                                            |          197  |              5  |                   193  |           0  |           9  |  00:00:01  |
-----------------------------------------------------------------------------------------------------------------------------------------------------------


Phase 2.2.1 Physical Synthesis In Placer | Checksum: 10cb159cb

Time (s): cpu = 00:00:22 ; elapsed = 00:00:16 . Memory (MB): peak = 1778.367 ; gain = 0.000
Phase 2.2 Global Placement Core | Checksum: 11c3085dd

Time (s): cpu = 00:00:22 ; elapsed = 00:00:16 . Memory (MB): peak = 1778.367 ; gain = 0.000
Phase 2 Global Placement | Checksum: 11c3085dd

Time (s): cpu = 00:00:22 ; elapsed = 00:00:16 . Memory (MB): peak = 1778.367 ; gain = 0.000

Phase 3 Detail Placement

Phase 3.1 Commit Multi Column Macros
Phase 3.1 Commit Multi Column Macros | Checksum: d9b4966a

Time (s): cpu = 00:00:23 ; elapsed = 00:00:17 . Memory (MB): peak = 1778.367 ; gain = 0.000

Phase 3.2 Commit Most Macros & LUTRAMs
Phase 3.2 Commit Most Macros & LUTRAMs | Checksum: 17d0700db

Time (s): cpu = 00:00:24 ; elapsed = 00:00:17 . Memory (MB): peak = 1778.367 ; gain = 0.000

Phase 3.3 Area Swap Optimization
Phase 3.3 Area Swap Optimization | Checksum: d3f1bfee

Time (s): cpu = 00:00:25 ; elapsed = 00:00:18 . Memory (MB): peak = 1778.367 ; gain = 0.000

Phase 3.4 Pipeline Register Optimization
Phase 3.4 Pipeline Register Optimization | Checksum: a89ee21b

Time (s): cpu = 00:00:25 ; elapsed = 00:00:18 . Memory (MB): peak = 1778.367 ; gain = 0.000

Phase 3.5 Fast Optimization
Phase 3.5 Fast Optimization | Checksum: a804536b

Time (s): cpu = 00:00:27 ; elapsed = 00:00:20 . Memory (MB): peak = 1778.367 ; gain = 0.000

Phase 3.6 Small Shape Detail Placement
Phase 3.6 Small Shape Detail Placement | Checksum: 1db30f14f

Time (s): cpu = 00:00:33 ; elapsed = 00:00:26 . Memory (MB): peak = 1778.367 ; gain = 0.000

Phase 3.7 Re-assign LUT pins
Phase 3.7 Re-assign LUT pins | Checksum: 15a582ae7

Time (s): cpu = 00:00:33 ; elapsed = 00:00:26 . Memory (MB): peak = 1778.367 ; gain = 0.000

Phase 3.8 Pipeline Register Optimization
Phase 3.8 Pipeline Register Optimization | Checksum: 1186f9b94

Time (s): cpu = 00:00:33 ; elapsed = 00:00:26 . Memory (MB): peak = 1778.367 ; gain = 0.000
Phase 3 Detail Placement | Checksum: 1186f9b94

Time (s): cpu = 00:00:33 ; elapsed = 00:00:27 . Memory (MB): peak = 1778.367 ; gain = 0.000

Phase 4 Post Placement Optimization and Clean-Up

Phase 4.1 Post Commit Optimization
INFO: [Timing 38-35] Done setting XDC timing constraints.

Phase 4.1.1 Post Placement Optimization
Post Placement Optimization Initialization | Checksum: 1e8e53efe

Phase 4.1.1.1 BUFG Insertion

Starting Physical Synthesis Task

Phase 1 Physical Synthesis Initialization
INFO: [Physopt 32-721] Multithreading enabled for phys_opt_design using a maximum of 2 CPUs
INFO: [Physopt 32-619] Estimated Timing Summary | WNS=-0.677 | TNS=-59.212 |
Phase 1 Physical Synthesis Initialization | Checksum: 22583326a

Time (s): cpu = 00:00:01 ; elapsed = 00:00:00.402 . Memory (MB): peak = 1778.367 ; gain = 0.000
INFO: [Place 46-56] BUFG insertion identified 0 candidate nets. Inserted BUFG: 0, Replicated BUFG Driver: 0, Skipped due to Placement/Routing Conflicts: 0, Skipped due to Timing Degradation: 0, Skipped due to Illegal Netlist: 0.
Ending Physical Synthesis Task | Checksum: 20c21f07f

Time (s): cpu = 00:00:01 ; elapsed = 00:00:00.450 . Memory (MB): peak = 1778.367 ; gain = 0.000
Phase 4.1.1.1 BUFG Insertion | Checksum: 1e8e53efe

Time (s): cpu = 00:00:36 ; elapsed = 00:00:29 . Memory (MB): peak = 1778.367 ; gain = 0.000
INFO: [Place 30-746] Post Placement Timing Summary WNS=0.503. For the most accurate timing information please run report_timing.
Phase 4.1.1 Post Placement Optimization | Checksum: da60c11a

Time (s): cpu = 00:00:57 ; elapsed = 00:00:48 . Memory (MB): peak = 1778.367 ; gain = 0.000
Phase 4.1 Post Commit Optimization | Checksum: da60c11a

Time (s): cpu = 00:00:57 ; elapsed = 00:00:49 . Memory (MB): peak = 1778.367 ; gain = 0.000

Phase 4.2 Post Placement Cleanup
Phase 4.2 Post Placement Cleanup | Checksum: da60c11a

Time (s): cpu = 00:00:57 ; elapsed = 00:00:49 . Memory (MB): peak = 1778.367 ; gain = 0.000

Phase 4.3 Placer Reporting
Phase 4.3 Placer Reporting | Checksum: da60c11a

Time (s): cpu = 00:00:58 ; elapsed = 00:00:49 . Memory (MB): peak = 1778.367 ; gain = 0.000

Phase 4.4 Final Placement Cleanup
Netlist sorting complete. Time (s): cpu = 00:00:00 ; elapsed = 00:00:00.002 . Memory (MB): peak = 1778.367 ; gain = 0.000
Phase 4.4 Final Placement Cleanup | Checksum: 9ece2c38

Time (s): cpu = 00:00:58 ; elapsed = 00:00:49 . Memory (MB): peak = 1778.367 ; gain = 0.000
Phase 4 Post Placement Optimization and Clean-Up | Checksum: 9ece2c38

Time (s): cpu = 00:00:58 ; elapsed = 00:00:49 . Memory (MB): peak = 1778.367 ; gain = 0.000
Ending Placer Task | Checksum: 5859c47a

Time (s): cpu = 00:00:58 ; elapsed = 00:00:49 . Memory (MB): peak = 1778.367 ; gain = 0.000
INFO: [Common 17-83] Releasing license: Implementation
91 Infos, 21 Warnings, 0 Critical Warnings and 0 Errors encountered.
place_design completed successfully
place_design: Time (s): cpu = 00:01:01 ; elapsed = 00:00:51 . Memory (MB): peak = 1778.367 ; gain = 0.000
INFO: [Timing 38-480] Writing timing data to binary archive.
Writing placer database...
Writing XDEF routing.
Writing XDEF routing logical nets.
Writing XDEF routing special nets.
Write XDEF Complete: Time (s): cpu = 00:00:02 ; elapsed = 00:00:00.820 . Memory (MB): peak = 1778.367 ; gain = 0.000
INFO: [Common 17-1381] The checkpoint 'F:/Vivado/Downloads/activecore/designs/rtl/sigma/syn/syn_1stage/NEXYS4-DDR/NEXYS4_DDR.runs/impl_1/NEXYS4_DDR_placed.dcp' has been generated.
INFO: [runtcl-4] Executing : report_io -file NEXYS4_DDR_io_placed.rpt
report_io: Time (s): cpu = 00:00:00 ; elapsed = 00:00:00.093 . Memory (MB): peak = 1778.367 ; gain = 0.000
INFO: [runtcl-4] Executing : report_utilization -file NEXYS4_DDR_utilization_placed.rpt -pb NEXYS4_DDR_utilization_placed.pb
INFO: [runtcl-4] Executing : report_control_sets -verbose -file NEXYS4_DDR_control_sets_placed.rpt
report_control_sets: Time (s): cpu = 00:00:00 ; elapsed = 00:00:00.047 . Memory (MB): peak = 1778.367 ; gain = 0.000
Command: route_design
Attempting to get a license for feature 'Implementation' and/or device 'xc7a100t'
INFO: [Common 17-349] Got license for feature 'Implementation' and/or device 'xc7a100t'
Running DRC as a precondition to command route_design
INFO: [DRC 23-27] Running DRC with 2 threads
INFO: [Vivado_Tcl 4-198] DRC finished with 0 Errors
INFO: [Vivado_Tcl 4-199] Please refer to the DRC report (report_drc) for more information.


Starting Routing Task
INFO: [Route 35-254] Multithreading enabled for route_design using a maximum of 2 CPUs
Checksum: PlaceDB: 1fd2bfc1 ConstDB: 0 ShapeSum: 388704b9 RouteDB: 0

Phase 1 Build RT Design
Phase 1 Build RT Design | Checksum: 13006894e

Time (s): cpu = 00:01:00 ; elapsed = 00:00:51 . Memory (MB): peak = 1829.168 ; gain = 50.801
Post Restoration Checksum: NetGraph: 44e01247 NumContArr: eb267707 Constraints: 0 Timing: 0

Phase 2 Router Initialization

Phase 2.1 Create Timer
Phase 2.1 Create Timer | Checksum: 13006894e

Time (s): cpu = 00:01:00 ; elapsed = 00:00:52 . Memory (MB): peak = 1859.359 ; gain = 80.992

Phase 2.2 Fix Topology Constraints
Phase 2.2 Fix Topology Constraints | Checksum: 13006894e

Time (s): cpu = 00:01:00 ; elapsed = 00:00:52 . Memory (MB): peak = 1866.434 ; gain = 88.066

Phase 2.3 Pre Route Cleanup
Phase 2.3 Pre Route Cleanup | Checksum: 13006894e

Time (s): cpu = 00:01:00 ; elapsed = 00:00:52 . Memory (MB): peak = 1866.434 ; gain = 88.066
 Number of Nodes with overlaps = 0

Phase 2.4 Update Timing
Phase 2.4 Update Timing | Checksum: cacee498

Time (s): cpu = 00:01:05 ; elapsed = 00:00:55 . Memory (MB): peak = 1893.410 ; gain = 115.043
INFO: [Route 35-416] Intermediate Timing Summary | WNS=0.778  | TNS=0.000  | WHS=-0.284 | THS=-161.526|

Phase 2 Router Initialization | Checksum: 2eac086d

Time (s): cpu = 00:01:07 ; elapsed = 00:00:57 . Memory (MB): peak = 1893.410 ; gain = 115.043

Router Utilization Summary
  Global Vertical Routing Utilization    = 0 %
  Global Horizontal Routing Utilization  = 0 %
  Routable Net Status*
  *Does not include unroutable nets such as driverless and loadless.
  Run report_route_status for detailed report.
  Number of Failed Nets               = 4331
    (Failed Nets is the sum of unrouted and partially routed nets)
  Number of Unrouted Nets             = 4331
  Number of Partially Routed Nets     = 0
  Number of Node Overlaps             = 0


Phase 3 Initial Routing
Phase 3 Initial Routing | Checksum: 12df2ec20

Time (s): cpu = 00:01:15 ; elapsed = 00:01:01 . Memory (MB): peak = 1899.797 ; gain = 121.430

Phase 4 Rip-up And Reroute

Phase 4.1 Global Iteration 0
 Number of Nodes with overlaps = 2065
 Number of Nodes with overlaps = 738
 Number of Nodes with overlaps = 345
 Number of Nodes with overlaps = 206
 Number of Nodes with overlaps = 120
 Number of Nodes with overlaps = 60
 Number of Nodes with overlaps = 32
 Number of Nodes with overlaps = 14
 Number of Nodes with overlaps = 6
 Number of Nodes with overlaps = 3
 Number of Nodes with overlaps = 3
 Number of Nodes with overlaps = 1
 Number of Nodes with overlaps = 1
 Number of Nodes with overlaps = 1
 Number of Nodes with overlaps = 1
 Number of Nodes with overlaps = 0
INFO: [Route 35-416] Intermediate Timing Summary | WNS=-0.217 | TNS=-6.447 | WHS=N/A    | THS=N/A    |

Phase 4.1 Global Iteration 0 | Checksum: 166d22463

Time (s): cpu = 00:02:23 ; elapsed = 00:01:53 . Memory (MB): peak = 1910.988 ; gain = 132.621

Phase 4.2 Global Iteration 1
 Number of Nodes with overlaps = 934
 Number of Nodes with overlaps = 484
 Number of Nodes with overlaps = 275
 Number of Nodes with overlaps = 152
 Number of Nodes with overlaps = 102
 Number of Nodes with overlaps = 91
 Number of Nodes with overlaps = 56
 Number of Nodes with overlaps = 41
 Number of Nodes with overlaps = 20
 Number of Nodes with overlaps = 13
 Number of Nodes with overlaps = 13
 Number of Nodes with overlaps = 5
 Number of Nodes with overlaps = 3
 Number of Nodes with overlaps = 2
 Number of Nodes with overlaps = 0
INFO: [Route 35-416] Intermediate Timing Summary | WNS=0.092  | TNS=0.000  | WHS=N/A    | THS=N/A    |

Phase 4.2 Global Iteration 1 | Checksum: 59d92646

Time (s): cpu = 00:03:18 ; elapsed = 00:02:35 . Memory (MB): peak = 1910.988 ; gain = 132.621
Phase 4 Rip-up And Reroute | Checksum: 59d92646

Time (s): cpu = 00:03:18 ; elapsed = 00:02:35 . Memory (MB): peak = 1910.988 ; gain = 132.621

Phase 5 Delay and Skew Optimization

Phase 5.1 Delay CleanUp
Phase 5.1 Delay CleanUp | Checksum: 59d92646

Time (s): cpu = 00:03:18 ; elapsed = 00:02:35 . Memory (MB): peak = 1910.988 ; gain = 132.621

Phase 5.2 Clock Skew Optimization
Phase 5.2 Clock Skew Optimization | Checksum: 59d92646

Time (s): cpu = 00:03:18 ; elapsed = 00:02:35 . Memory (MB): peak = 1910.988 ; gain = 132.621
Phase 5 Delay and Skew Optimization | Checksum: 59d92646

Time (s): cpu = 00:03:18 ; elapsed = 00:02:35 . Memory (MB): peak = 1910.988 ; gain = 132.621

Phase 6 Post Hold Fix

Phase 6.1 Hold Fix Iter

Phase 6.1.1 Update Timing
Phase 6.1.1 Update Timing | Checksum: 61fceaf3

Time (s): cpu = 00:03:21 ; elapsed = 00:02:37 . Memory (MB): peak = 1910.988 ; gain = 132.621
INFO: [Route 35-416] Intermediate Timing Summary | WNS=0.098  | TNS=0.000  | WHS=0.059  | THS=0.000  |

Phase 6.1 Hold Fix Iter | Checksum: 61fceaf3

Time (s): cpu = 00:03:21 ; elapsed = 00:02:37 . Memory (MB): peak = 1910.988 ; gain = 132.621
Phase 6 Post Hold Fix | Checksum: 61fceaf3

Time (s): cpu = 00:03:21 ; elapsed = 00:02:37 . Memory (MB): peak = 1910.988 ; gain = 132.621

Phase 7 Route finalize

Router Utilization Summary
  Global Vertical Routing Utilization    = 1.44466 %
  Global Horizontal Routing Utilization  = 2.04575 %
  Routable Net Status*
  *Does not include unroutable nets such as driverless and loadless.
  Run report_route_status for detailed report.
  Number of Failed Nets               = 0
    (Failed Nets is the sum of unrouted and partially routed nets)
  Number of Unrouted Nets             = 0
  Number of Partially Routed Nets     = 0
  Number of Node Overlaps             = 0

Phase 7 Route finalize | Checksum: d31d85d2

Time (s): cpu = 00:03:21 ; elapsed = 00:02:38 . Memory (MB): peak = 1910.988 ; gain = 132.621

Phase 8 Verifying routed nets

 Verification completed successfully
Phase 8 Verifying routed nets | Checksum: d31d85d2

Time (s): cpu = 00:03:21 ; elapsed = 00:02:38 . Memory (MB): peak = 1910.988 ; gain = 132.621

Phase 9 Depositing Routes
Phase 9 Depositing Routes | Checksum: 162b22497

Time (s): cpu = 00:03:23 ; elapsed = 00:02:40 . Memory (MB): peak = 1910.988 ; gain = 132.621

Phase 10 Post Router Timing
INFO: [Route 35-57] Estimated Timing Summary | WNS=0.098  | TNS=0.000  | WHS=0.059  | THS=0.000  |

INFO: [Route 35-327] The final timing numbers are based on the router estimated timing analysis. For a complete and accurate timing signoff, please run report_timing_summary.
Phase 10 Post Router Timing | Checksum: 162b22497

Time (s): cpu = 00:03:23 ; elapsed = 00:02:40 . Memory (MB): peak = 1910.988 ; gain = 132.621
INFO: [Route 35-16] Router Completed Successfully

Time (s): cpu = 00:03:23 ; elapsed = 00:02:40 . Memory (MB): peak = 1910.988 ; gain = 132.621

Routing Is Done.
INFO: [Common 17-83] Releasing license: Implementation
109 Infos, 21 Warnings, 0 Critical Warnings and 0 Errors encountered.
route_design completed successfully
route_design: Time (s): cpu = 00:03:27 ; elapsed = 00:02:42 . Memory (MB): peak = 1910.988 ; gain = 132.621
INFO: [Timing 38-480] Writing timing data to binary archive.
Writing placer database...
Writing XDEF routing.
Writing XDEF routing logical nets.
Writing XDEF routing special nets.
Write XDEF Complete: Time (s): cpu = 00:00:04 ; elapsed = 00:00:02 . Memory (MB): peak = 1910.988 ; gain = 0.000
INFO: [Common 17-1381] The checkpoint 'F:/Vivado/Downloads/activecore/designs/rtl/sigma/syn/syn_1stage/NEXYS4-DDR/NEXYS4_DDR.runs/impl_1/NEXYS4_DDR_routed.dcp' has been generated.
INFO: [runtcl-4] Executing : report_drc -file NEXYS4_DDR_drc_routed.rpt -pb NEXYS4_DDR_drc_routed.pb -rpx NEXYS4_DDR_drc_routed.rpx
Command: report_drc -file NEXYS4_DDR_drc_routed.rpt -pb NEXYS4_DDR_drc_routed.pb -rpx NEXYS4_DDR_drc_routed.rpx
INFO: [IP_Flow 19-1839] IP Catalog is up to date.
INFO: [DRC 23-27] Running DRC with 2 threads
INFO: [Coretcl 2-168] The results of DRC are in file F:/Vivado/Downloads/activecore/designs/rtl/sigma/syn/syn_1stage/NEXYS4-DDR/NEXYS4_DDR.runs/impl_1/NEXYS4_DDR_drc_routed.rpt.
report_drc completed successfully
INFO: [runtcl-4] Executing : report_methodology -file NEXYS4_DDR_methodology_drc_routed.rpt -pb NEXYS4_DDR_methodology_drc_routed.pb -rpx NEXYS4_DDR_methodology_drc_routed.rpx
Command: report_methodology -file NEXYS4_DDR_methodology_drc_routed.rpt -pb NEXYS4_DDR_methodology_drc_routed.pb -rpx NEXYS4_DDR_methodology_drc_routed.rpx
INFO: [Timing 38-35] Done setting XDC timing constraints.
INFO: [DRC 23-133] Running Methodology with 2 threads
INFO: [Coretcl 2-1520] The results of Report Methodology are in file F:/Vivado/Downloads/activecore/designs/rtl/sigma/syn/syn_1stage/NEXYS4-DDR/NEXYS4_DDR.runs/impl_1/NEXYS4_DDR_methodology_drc_routed.rpt.
report_methodology completed successfully
report_methodology: Time (s): cpu = 00:00:15 ; elapsed = 00:00:09 . Memory (MB): peak = 1977.133 ; gain = 60.387
INFO: [runtcl-4] Executing : report_power -file NEXYS4_DDR_power_routed.rpt -pb NEXYS4_DDR_power_summary_routed.pb -rpx NEXYS4_DDR_power_routed.rpx
Command: report_power -file NEXYS4_DDR_power_routed.rpt -pb NEXYS4_DDR_power_summary_routed.pb -rpx NEXYS4_DDR_power_routed.rpx
INFO: [Timing 38-35] Done setting XDC timing constraints.
Running Vector-less Activity Propagation...

Finished Running Vector-less Activity Propagation
WARNING: [Power 33-332] Found switching activity that implies high-fanout reset nets being asserted for excessive periods of time which may result in inaccurate power analysis.
Resolution: To review and fix problems, please run Power Constraints Advisor in the GUI from Tools > Power Constraints Advisor or run report_power with the -advisory option to generate a text report.
121 Infos, 22 Warnings, 0 Critical Warnings and 0 Errors encountered.
report_power completed successfully
report_power: Time (s): cpu = 00:00:07 ; elapsed = 00:00:05 . Memory (MB): peak = 1977.336 ; gain = 0.203
INFO: [runtcl-4] Executing : report_route_status -file NEXYS4_DDR_route_status.rpt -pb NEXYS4_DDR_route_status.pb
INFO: [runtcl-4] Executing : report_timing_summary -max_paths 10 -file NEXYS4_DDR_timing_summary_routed.rpt -pb NEXYS4_DDR_timing_summary_routed.pb -rpx NEXYS4_DDR_timing_summary_routed.rpx -warn_on_violation 
INFO: [Timing 38-91] UpdateTimingParams: Speed grade: -3, Delay Type: min_max.
INFO: [Timing 38-191] Multithreading enabled for timing update using a maximum of 2 CPUs
INFO: [runtcl-4] Executing : report_incremental_reuse -file NEXYS4_DDR_incremental_reuse_routed.rpt
INFO: [Vivado_Tcl 4-1062] Incremental flow is disabled. No incremental reuse Info to report.
INFO: [runtcl-4] Executing : report_clock_utilization -file NEXYS4_DDR_clock_utilization_routed.rpt
INFO: [runtcl-4] Executing : report_bus_skew -warn_on_violation -file NEXYS4_DDR_bus_skew_routed.rpt -pb NEXYS4_DDR_bus_skew_routed.pb -rpx NEXYS4_DDR_bus_skew_routed.rpx
INFO: [Timing 38-91] UpdateTimingParams: Speed grade: -3, Delay Type: min_max.
INFO: [Timing 38-191] Multithreading enabled for timing update using a maximum of 2 CPUs
INFO: [Common 17-206] Exiting Vivado at Fri Dec 18 11:52:30 2020...
